{"numTotalTestSuites":2,"numPassedTestSuites":2,"numFailedTestSuites":0,"numPendingTestSuites":0,"numTotalTests":1,"numPassedTests":1,"numFailedTests":0,"numPendingTests":0,"numTodoTests":0,"snapshot":{"added":0,"failure":false,"filesAdded":0,"filesRemoved":0,"filesRemovedList":[],"filesUnmatched":0,"filesUpdated":0,"matched":0,"total":0,"unchecked":0,"uncheckedKeysByFile":[],"unmatched":0,"updated":0,"didUpdate":false},"startTime":1788807406969,"success":true,"testResults":[{"assertionResults":[{"ancestorTitles":["FR-110 — evidence pull, live across zuri-ai → MSP → GKS"],"fullName":"FR-110 — evidence pull, live across zuri-ai → MSP → GKS a Stage 9 execution in GKS reaches this ledger as held legacy evidence on the run that asked for it","status":"passed","title":"a Stage 9 execution in GKS reaches this ledger as held legacy evidence on the run that asked for it","duration":639.1772,"failureMessages":[],"meta":{}}],"startTime":1788807412465,"endTime":1788807413104.1772,"status":"passed","message":"","name":"C:/Users/pc/workspace/zuri-ai-ki17/apps/server/tests/integration/fr110-knowledge-evidence-chain.test.js"}]}