{"numTotalTestSuites":2,"numPassedTestSuites":2,"numFailedTestSuites":0,"numPendingTestSuites":0,"numTotalTests":17,"numPassedTests":17,"numFailedTests":0,"numPendingTests":0,"numTodoTests":0,"snapshot":{"added":0,"failure":false,"filesAdded":0,"filesRemoved":0,"filesRemovedList":[],"filesUnmatched":0,"filesUpdated":0,"matched":0,"total":0,"unchecked":0,"uncheckedKeysByFile":[],"unmatched":0,"updated":0,"didUpdate":false},"startTime":1788806974585,"success":true,"testResults":[{"assertionResults":[{"ancestorTitles":["GenesisRAG17 actual four-process acceptance (no skips)"],"fullName":"GenesisRAG17 actual four-process acceptance (no skips) starts from raw, preserves lost-reply identity, publishes all17 and resolves actual citations","status":"passed","title":"starts from raw, preserves lost-reply identity, publishes all17 and resolves actual citations","duration":7572.298500000001,"failureMessages":[],"meta":{}},{"ancestorTitles":["GenesisRAG17 actual four-process acceptance (no skips)"],"fullName":"GenesisRAG17 actual four-process acceptance (no skips) restarts the actual native process and keeps old snapshot citations after correction","status":"passed","title":"restarts the actual native process and keeps old snapshot citations after correction","duration":9493.389500000001,"failureMessages":[],"meta":{}},{"ancestorTitles":["GenesisRAG17 actual four-process acceptance (no skips)"],"fullName":"GenesisRAG17 actual four-process acceptance (no skips) rejects wrong scope and forged reporters","status":"passed","title":"rejects wrong scope and forged reporters","duration":165.18059999999969,"failureMessages":[],"meta":{}},{"ancestorTitles":["GenesisRAG17 actual four-process acceptance (no skips)"],"fullName":"GenesisRAG17 actual four-process acceptance (no skips) blocks malformed attempt evidence without advancing the cursor, then resumes actual evidence","status":"passed","title":"blocks malformed attempt evidence without advancing the cursor, then resumes actual evidence","duration":6374.606500000002,"failureMessages":[],"meta":{}},{"ancestorTitles":["GenesisRAG17 actual four-process acceptance (no skips)"],"fullName":"GenesisRAG17 actual four-process acceptance (no skips) records embedding policy denial as a failed actual stage and retains the published snapshot","status":"passed","title":"records embedding policy denial as a failed actual stage and retains the published snapshot","duration":2421.5053000000007,"failureMessages":[],"meta":{}},{"ancestorTitles":["GenesisRAG17 actual four-process acceptance (no skips)"],"fullName":"GenesisRAG17 actual four-process acceptance (no skips) recovers an actual process crash at after-native-commit-before-receipt without losing historical citations","status":"passed","title":"recovers an actual process crash at after-native-commit-before-receipt without losing historical citations","duration":8940.363700000002,"failureMessages":[],"meta":{}},{"ancestorTitles":["GenesisRAG17 actual four-process acceptance (no skips)"],"fullName":"GenesisRAG17 actual four-process acceptance (no skips) recovers an actual process crash at before-pointer-replacement without losing historical citations","status":"passed","title":"recovers an actual process crash at before-pointer-replacement without losing historical citations","duration":8573.812400000003,"failureMessages":[],"meta":{}},{"ancestorTitles":["GenesisRAG17 actual four-process acceptance (no skips)"],"fullName":"GenesisRAG17 actual four-process acceptance (no skips) recovers an actual process crash at after-pointer-replacement-before-publication-outbox without losing historical citations","status":"passed","title":"recovers an actual process crash at after-pointer-replacement-before-publication-outbox without losing historical citations","duration":8695.243699999999,"failureMessages":[],"meta":{}},{"ancestorTitles":["GenesisRAG17 actual four-process acceptance (no skips)"],"fullName":"GenesisRAG17 actual four-process acceptance (no skips) executes a real FR-071 replay with new attempts and refuses late evidence from the old run","status":"passed","title":"executes a real FR-071 replay with new attempts and refuses late evidence from the old run","duration":4761.829900000004,"failureMessages":[],"meta":{}},{"ancestorTitles":["GenesisRAG17 actual four-process acceptance (no skips)"],"fullName":"GenesisRAG17 actual four-process acceptance (no skips) resends the identical msp_pipeline_graph_receipt after an actual accepted reply is lost","status":"passed","title":"resends the identical msp_pipeline_graph_receipt after an actual accepted reply is lost","duration":6786.624800000005,"failureMessages":[],"meta":{}},{"ancestorTitles":["GenesisRAG17 actual four-process acceptance (no skips)"],"fullName":"GenesisRAG17 actual four-process acceptance (no skips) resends the identical msp_pipeline_write_receipt after an actual accepted reply is lost","status":"passed","title":"resends the identical msp_pipeline_write_receipt after an actual accepted reply is lost","duration":7076.721999999994,"failureMessages":[],"meta":{}},{"ancestorTitles":["GenesisRAG17 actual four-process acceptance (no skips)"],"fullName":"GenesisRAG17 actual four-process acceptance (no skips) runs source and native worker loops through automatic receipt-backed finish and stops both","status":"passed","title":"runs source and native worker loops through automatic receipt-backed finish and stops both","duration":6040.706900000005,"failureMessages":[],"meta":{}},{"ancestorTitles":["GenesisRAG17 actual four-process acceptance (no skips)"],"fullName":"GenesisRAG17 actual four-process acceptance (no skips) refuses publication when the actual candidate reports index failure","status":"passed","title":"refuses publication when the actual candidate reports index failure","duration":6981.930999999997,"failureMessages":[],"meta":{}},{"ancestorTitles":["GenesisRAG17 actual four-process acceptance (no skips)"],"fullName":"GenesisRAG17 actual four-process acceptance (no skips) refuses publication when the actual candidate reports provenance failure","status":"passed","title":"refuses publication when the actual candidate reports provenance failure","duration":8376.330099999992,"failureMessages":[],"meta":{}},{"ancestorTitles":["GenesisRAG17 actual four-process acceptance (no skips)"],"fullName":"GenesisRAG17 actual four-process acceptance (no skips) refuses publication when the actual candidate reports security failure","status":"passed","title":"refuses publication when the actual candidate reports security failure","duration":8304.123599999992,"failureMessages":[],"meta":{}},{"ancestorTitles":["GenesisRAG17 actual four-process acceptance (no skips)"],"fullName":"GenesisRAG17 actual four-process acceptance (no skips) honors publication policy after real embedding and gate evaluation","status":"passed","title":"honors publication policy after real embedding and gate evaluation","duration":6454.623000000007,"failureMessages":[],"meta":{}},{"ancestorTitles":["GenesisRAG17 actual four-process acceptance (no skips)"],"fullName":"GenesisRAG17 actual four-process acceptance (no skips) restores the isolated Tier 1 backup with immutable lineage and publication proof intact","status":"passed","title":"restores the isolated Tier 1 backup with immutable lineage and publication proof intact","duration":1289.8859999999986,"failureMessages":[],"meta":{}}],"startTime":1788806983448,"endTime":1788807091756.886,"status":"passed","message":"","name":"C:/Users/pc/workspace/zuri-ai-ki17/apps/server/tests/acceptance/genesisrag17-e2e.test.js"}]}