{"numTotalTestSuites":2,"numPassedTestSuites":2,"numFailedTestSuites":0,"numPendingTestSuites":0,"numTotalTests":17,"numPassedTests":17,"numFailedTests":0,"numPendingTests":0,"numTodoTests":0,"snapshot":{"added":0,"failure":false,"filesAdded":0,"filesRemoved":0,"filesRemovedList":[],"filesUnmatched":0,"filesUpdated":0,"matched":0,"total":0,"unchecked":0,"uncheckedKeysByFile":[],"unmatched":0,"updated":0,"didUpdate":false},"startTime":1788800028278,"success":true,"testResults":[{"assertionResults":[{"ancestorTitles":["GenesisRAG17 actual four-process acceptance (no skips)"],"fullName":"GenesisRAG17 actual four-process acceptance (no skips) starts from raw, preserves lost-reply identity, publishes all17 and resolves actual citations","status":"passed","title":"starts from raw, preserves lost-reply identity, publishes all17 and resolves actual citations","duration":8240.313,"failureMessages":[],"meta":{}},{"ancestorTitles":["GenesisRAG17 actual four-process acceptance (no skips)"],"fullName":"GenesisRAG17 actual four-process acceptance (no skips) restarts the actual native process and keeps old snapshot citations after correction","status":"passed","title":"restarts the actual native process and keeps old snapshot citations after correction","duration":13722.9912,"failureMessages":[],"meta":{}},{"ancestorTitles":["GenesisRAG17 actual four-process acceptance (no skips)"],"fullName":"GenesisRAG17 actual four-process acceptance (no skips) rejects wrong scope and forged reporters","status":"passed","title":"rejects wrong scope and forged reporters","duration":527.071100000001,"failureMessages":[],"meta":{}},{"ancestorTitles":["GenesisRAG17 actual four-process acceptance (no skips)"],"fullName":"GenesisRAG17 actual four-process acceptance (no skips) blocks malformed attempt evidence without advancing the cursor, then resumes actual evidence","status":"passed","title":"blocks malformed attempt evidence without advancing the cursor, then resumes actual evidence","duration":9892.418699999998,"failureMessages":[],"meta":{}},{"ancestorTitles":["GenesisRAG17 actual four-process acceptance (no skips)"],"fullName":"GenesisRAG17 actual four-process acceptance (no skips) records embedding policy denial as a failed actual stage and retains the published snapshot","status":"passed","title":"records embedding policy denial as a failed actual stage and retains the published snapshot","duration":2816.248099999997,"failureMessages":[],"meta":{}},{"ancestorTitles":["GenesisRAG17 actual four-process acceptance (no skips)"],"fullName":"GenesisRAG17 actual four-process acceptance (no skips) recovers an actual process crash at after-native-commit-before-receipt without losing historical citations","status":"passed","title":"recovers an actual process crash at after-native-commit-before-receipt without losing historical citations","duration":12423.256500000003,"failureMessages":[],"meta":{}},{"ancestorTitles":["GenesisRAG17 actual four-process acceptance (no skips)"],"fullName":"GenesisRAG17 actual four-process acceptance (no skips) recovers an actual process crash at before-pointer-replacement without losing historical citations","status":"passed","title":"recovers an actual process crash at before-pointer-replacement without losing historical citations","duration":11736.447,"failureMessages":[],"meta":{}},{"ancestorTitles":["GenesisRAG17 actual four-process acceptance (no skips)"],"fullName":"GenesisRAG17 actual four-process acceptance (no skips) recovers an actual process crash at after-pointer-replacement-before-publication-outbox without losing historical citations","status":"passed","title":"recovers an actual process crash at after-pointer-replacement-before-publication-outbox without losing historical citations","duration":10604.207099999992,"failureMessages":[],"meta":{}},{"ancestorTitles":["GenesisRAG17 actual four-process acceptance (no skips)"],"fullName":"GenesisRAG17 actual four-process acceptance (no skips) executes a real FR-071 replay with new attempts and refuses late evidence from the old run","status":"passed","title":"executes a real FR-071 replay with new attempts and refuses late evidence from the old run","duration":6226.472099999999,"failureMessages":[],"meta":{}},{"ancestorTitles":["GenesisRAG17 actual four-process acceptance (no skips)"],"fullName":"GenesisRAG17 actual four-process acceptance (no skips) resends the identical msp_pipeline_graph_receipt after an actual accepted reply is lost","status":"passed","title":"resends the identical msp_pipeline_graph_receipt after an actual accepted reply is lost","duration":9611.001300000004,"failureMessages":[],"meta":{}},{"ancestorTitles":["GenesisRAG17 actual four-process acceptance (no skips)"],"fullName":"GenesisRAG17 actual four-process acceptance (no skips) resends the identical msp_pipeline_write_receipt after an actual accepted reply is lost","status":"passed","title":"resends the identical msp_pipeline_write_receipt after an actual accepted reply is lost","duration":9416.771900000007,"failureMessages":[],"meta":{}},{"ancestorTitles":["GenesisRAG17 actual four-process acceptance (no skips)"],"fullName":"GenesisRAG17 actual four-process acceptance (no skips) runs source and native worker loops through automatic receipt-backed finish and stops both","status":"passed","title":"runs source and native worker loops through automatic receipt-backed finish and stops both","duration":7521.631699999998,"failureMessages":[],"meta":{}},{"ancestorTitles":["GenesisRAG17 actual four-process acceptance (no skips)"],"fullName":"GenesisRAG17 actual four-process acceptance (no skips) refuses publication when the actual candidate reports index failure","status":"passed","title":"refuses publication when the actual candidate reports index failure","duration":7746.298999999999,"failureMessages":[],"meta":{}},{"ancestorTitles":["GenesisRAG17 actual four-process acceptance (no skips)"],"fullName":"GenesisRAG17 actual four-process acceptance (no skips) refuses publication when the actual candidate reports provenance failure","status":"passed","title":"refuses publication when the actual candidate reports provenance failure","duration":12106.887000000002,"failureMessages":[],"meta":{}},{"ancestorTitles":["GenesisRAG17 actual four-process acceptance (no skips)"],"fullName":"GenesisRAG17 actual four-process acceptance (no skips) refuses publication when the actual candidate reports security failure","status":"passed","title":"refuses publication when the actual candidate reports security failure","duration":11675.148300000015,"failureMessages":[],"meta":{}},{"ancestorTitles":["GenesisRAG17 actual four-process acceptance (no skips)"],"fullName":"GenesisRAG17 actual four-process acceptance (no skips) honors publication policy after real embedding and gate evaluation","status":"passed","title":"honors publication policy after real embedding and gate evaluation","duration":8594.07679999998,"failureMessages":[],"meta":{}},{"ancestorTitles":["GenesisRAG17 actual four-process acceptance (no skips)"],"fullName":"GenesisRAG17 actual four-process acceptance (no skips) restores the isolated Tier 1 backup with immutable lineage and publication proof intact","status":"passed","title":"restores the isolated Tier 1 backup with immutable lineage and publication proof intact","duration":805.7082999999984,"failureMessages":[],"meta":{}}],"startTime":1788800035054,"endTime":1788800178722.7083,"status":"passed","message":"","name":"C:/Users/pc/workspace/zuri-ai-ki17/apps/server/tests/acceptance/genesisrag17-e2e.test.js"}]}